<?xml version="1.0" encoding="UTF-8"?>
<!-- Generated by org.testng.reporters.JUnitXMLReporter -->
<testsuite ignored="0" hostname="LAPTOP-D14572JH" failures="0" tests="1" name="Test" time="25.126" errors="0" timestamp="2023-08-08T18:52:53 IST">
  <testcase classname="Test_case.Login" name="@AfterTest Testlogin" time="5.622">
    <failure type="org.openqa.selenium.NoSuchElementException" message="An element could not be located on the page using the given search parameters.
For documentation on this error, please visit: https://www.selenium.dev/documentation/webdriver/troubleshooting/errors#no-such-element-exception
Build info: version: &amp;apos;4.11.0&amp;apos;, revision: &amp;apos;040bc5406b&amp;apos;
System info: os.name: &amp;apos;Windows 11&amp;apos;, os.arch: &amp;apos;amd64&amp;apos;, os.version: &amp;apos;10.0&amp;apos;, java.version: &amp;apos;17.0.7&amp;apos;
Driver info: io.appium.java_client.android.AndroidDriver
Command: [bf829896-04e1-4c30-8a69-4ee683620cae, findElement {using=xpath, value=//hierarchy/android.widget.FrameLayout/android.widget.LinearLayout/android.widget.FrameLayout/android.widget.FrameLayout/android.widget.FrameLayout/android.view.View/android.view.View/android.view.View/android.view.View/android.widget.ScrollView/android.view.View/android.widget.ImageView}]
Capabilities {appium:app: C:\Users\SwatiSarkar\Downlo..., appium:appPackage: com.rcs.krishlal, appium:connectHardwareKeyboard: true, appium:databaseEnabled: false, appium:desired: {app: C:\Users\SwatiSarkar\Downlo..., connectHardwareKeyboard: true, deviceName: OnePlus Nord CE 2 Lite 5G, newcommandTimeout: 3600, platformName: ANDROID, platformVersion: 13, udid: b2d53740}, appium:deviceApiLevel: 33, appium:deviceManufacturer: OnePlus, appium:deviceModel: CPH2381, appium:deviceName: b2d53740, appium:deviceScreenDensity: 480, appium:deviceScreenSize: 1080x2412, appium:deviceUDID: b2d53740, appium:javascriptEnabled: true, appium:locationContextEnabled: false, appium:networkConnectionEnabled: true, appium:newcommandTimeout: 3600, appium:pixelRatio: 3, appium:platformVersion: 13, appium:statBarHeight: 110, appium:takesScreenshot: true, appium:udid: b2d53740, appium:viewportRect: {height: 2144, left: 0, top: 110, width: 1080}, appium:warnings: {}, appium:webStorageEnabled: false, platformName: ANDROID}
Session ID: bf829896-04e1-4c30-8a69-4ee683620cae">
      <![CDATA[org.openqa.selenium.NoSuchElementException: An element could not be located on the page using the given search parameters.
For documentation on this error, please visit: https://www.selenium.dev/documentation/webdriver/troubleshooting/errors#no-such-element-exception
Build info: version: '4.11.0', revision: '040bc5406b'
System info: os.name: 'Windows 11', os.arch: 'amd64', os.version: '10.0', java.version: '17.0.7'
Driver info: io.appium.java_client.android.AndroidDriver
Command: [bf829896-04e1-4c30-8a69-4ee683620cae, findElement {using=xpath, value=//hierarchy/android.widget.FrameLayout/android.widget.LinearLayout/android.widget.FrameLayout/android.widget.FrameLayout/android.widget.FrameLayout/android.view.View/android.view.View/android.view.View/android.view.View/android.widget.ScrollView/android.view.View/android.widget.ImageView}]
Capabilities {appium:app: C:\Users\SwatiSarkar\Downlo..., appium:appPackage: com.rcs.krishlal, appium:connectHardwareKeyboard: true, appium:databaseEnabled: false, appium:desired: {app: C:\Users\SwatiSarkar\Downlo..., connectHardwareKeyboard: true, deviceName: OnePlus Nord CE 2 Lite 5G, newcommandTimeout: 3600, platformName: ANDROID, platformVersion: 13, udid: b2d53740}, appium:deviceApiLevel: 33, appium:deviceManufacturer: OnePlus, appium:deviceModel: CPH2381, appium:deviceName: b2d53740, appium:deviceScreenDensity: 480, appium:deviceScreenSize: 1080x2412, appium:deviceUDID: b2d53740, appium:javascriptEnabled: true, appium:locationContextEnabled: false, appium:networkConnectionEnabled: true, appium:newcommandTimeout: 3600, appium:pixelRatio: 3, appium:platformVersion: 13, appium:statBarHeight: 110, appium:takesScreenshot: true, appium:udid: b2d53740, appium:viewportRect: {height: 2144, left: 0, top: 110, width: 1080}, appium:warnings: {}, appium:webStorageEnabled: false, platformName: ANDROID}
Session ID: bf829896-04e1-4c30-8a69-4ee683620cae
at org.openqa.selenium.remote.codec.w3c.W3CHttpResponseCodec.createException(W3CHttpResponseCodec.java:200)
at org.openqa.selenium.remote.codec.w3c.W3CHttpResponseCodec.decode(W3CHttpResponseCodec.java:133)
at org.openqa.selenium.remote.codec.w3c.W3CHttpResponseCodec.decode(W3CHttpResponseCodec.java:52)
at org.openqa.selenium.remote.HttpCommandExecutor.execute(HttpCommandExecutor.java:191)
at io.appium.java_client.remote.AppiumCommandExecutor.execute(AppiumCommandExecutor.java:250)
at org.openqa.selenium.remote.RemoteWebDriver.execute(RemoteWebDriver.java:518)
at org.openqa.selenium.remote.ElementLocation$ElementFinder$2.findElement(ElementLocation.java:165)
at org.openqa.selenium.remote.ElementLocation.findElement(ElementLocation.java:59)
at org.openqa.selenium.remote.RemoteWebDriver.findElement(RemoteWebDriver.java:355)
at org.openqa.selenium.remote.RemoteWebDriver.findElement(RemoteWebDriver.java:349)
at Test_case.Login.Testlogin(Login.java:45)
... Removed 29 stack frames]]>
    </failure>
  </testcase> <!-- @AfterTest Testlogin -->
  <testcase classname="Test_case.Login" name="setUp" time="19.339"/>
</testsuite> <!-- Test -->
